<?xml version="1.0" encoding="UTF-8"?>
<testsuite xmlns:xsi="http://www.w3.org/2001/XMLSchema-instance" xsi:noNamespaceSchemaLocation="https://maven.apache.org/surefire/maven-surefire-plugin/xsd/surefire-test-report.xsd" name="com.example.logquery.controller.LogQueryControllerIntegrationTest" time="2.028" tests="5" errors="0" skipped="0" failures="0">
  <properties>
[...]
</properties>
  <testcase name="testQueryWithComplexHyphenatedModule" classname="com.example.logquery.controller.LogQueryControllerIntegrationTest" time="0.282"/>
  <testcase name="testPaginationWithDefaultValues" classname="com.example.logquery.controller.LogQueryControllerIntegrationTest" time="0.004"/>
  <testcase name="testQueryWithHyphenatedModule" classname="com.example.logquery.controller.LogQueryControllerIntegrationTest" time="0.003"/>
  <testcase name="testPaginationWithFilter" classname="com.example.logquery.controller.LogQueryControllerIntegrationTest" time="0.004"/>
  <testcase name="testPaginationFirstPage" classname="com.example.logquery.controller.LogQueryControllerIntegrationTest" time="0.002"/>
</testsuite>